--------------------------------------------------------------------------------
Release 10.1.03 Trace  (lin64)
Copyright (c) 1995-2008 Xilinx, Inc.  All rights reserved.

/afs/csail.mit.edu/proj/redsocs/Xilinx10.1/ISE/bin/lin64/unwrapped/trce -ise
/afs/athena.mit.edu/user/j/d/jdesa/6.111work/Labs/Lab4/Lab4/Lab4.ise -intstyle
ise -v 3 -s 4 -xml labkit labkit.ncd -o labkit.twr labkit.pcf -ucf
/afs/athena.mit.edu/user/j/d/jdesa/6.111work/Labs/Lab4/labkit.ucf

Design file:              labkit.ncd
Physical constraint file: labkit.pcf
Device,package,speed:     xc2v6000,bf957,-4 (PRODUCTION 1.121 2008-07-25, STEPPING level 0)
Report level:             verbose report

Environment Variable      Effect 
--------------------      ------ 
NONE                      No environment variables were set
--------------------------------------------------------------------------------

INFO:Timing:2698 - No timing constraints found, doing default enumeration.
INFO:Timing:2752 - To get complete path coverage, use the unconstrained paths 
   option. All paths that are not constrained will be reported in the 
   unconstrained paths section(s) of the report.
INFO:Timing:3339 - The clock-to-out numbers in this timing report are based on 
   a 50 Ohm transmission line loading model.  For the details of this model, 
   and for more information on accounting for different loading conditions, 
   please see the device datasheet.



Data Sheet report:
-----------------
All values displayed in nanoseconds (ns)

Clock clock_27mhz to Pad
------------+------------+------------------+--------+
            | clk (edge) |                  | Clock  |
Destination |   to PAD   |Internal Clock(s) | Phase  |
------------+------------+------------------+--------+
disp_clock  |   13.152(R)|clock_27mhz_BUFGP |   0.000|
------------+------------+------------------+--------+

Clock to Setup on destination clock clock_27mhz
---------------+---------+---------+---------+---------+
               | Src:Rise| Src:Fall| Src:Rise| Src:Fall|
Source Clock   |Dest:Rise|Dest:Rise|Dest:Fall|Dest:Fall|
---------------+---------+---------+---------+---------+
clock_27mhz    |    5.325|         |         |         |
---------------+---------+---------+---------+---------+


Analysis completed Mon Oct 13 23:34:17 2014 
--------------------------------------------------------------------------------

Trace Settings:
-------------------------
Trace Settings 

Peak Memory Usage: 335 MB



